<?xml version="1.0" encoding="UTF-8"?>
<coverage generated="1576461017136" clover="3.2.0">
  <project timestamp="1576461017136" name="All files">
    <metrics statements="6" coveredstatements="6" conditionals="0" coveredconditionals="0" methods="4" coveredmethods="4" elements="10" coveredelements="10" complexity="0" loc="6" ncloc="6" packages="1" files="2" classes="2"/>
    <file name="conversions.js" path="/home/eportela/nodejs/glib/lib/utils/conversions.js">
      <metrics statements="4" coveredstatements="4" conditionals="0" coveredconditionals="0" methods="3" coveredmethods="3"/>
      <line num="1" count="2" type="stmt"/>
      <line num="3" count="2" type="stmt"/>
      <line num="5" count="2" type="stmt"/>
      <line num="7" count="2" type="stmt"/>
    </file>
    <file name="requireDependency.js" path="/home/eportela/nodejs/glib/lib/utils/requireDependency.js">
      <metrics statements="2" coveredstatements="2" conditionals="0" coveredconditionals="0" methods="1" coveredmethods="1"/>
      <line num="1" count="1" type="stmt"/>
      <line num="3" count="1" type="stmt"/>
    </file>
  </project>
</coverage>
