{"/home/eportela/nodejs/glib/lib/utils/conversions.js": {"path":"/home/eportela/nodejs/glib/lib/utils/conversions.js","statementMap":{"0":{"start":{"line":1,"column":22},"end":{"line":1,"column":52}},"1":{"start":{"line":1,"column":32},"end":{"line":1,"column":52}},"2":{"start":{"line":3,"column":18},"end":{"line":3,"column":44}},"3":{"start":{"line":3,"column":28},"end":{"line":3,"column":44}},"4":{"start":{"line":5,"column":22},"end":{"line":5,"column":60}},"5":{"start":{"line":5,"column":36},"end":{"line":5,"column":60}},"6":{"start":{"line":7,"column":0},"end":{"line":11,"column":2}}},"fnMap":{"0":{"name":"(anonymous_0)","decl":{"start":{"line":1,"column":22},"end":{"line":1,"column":23}},"loc":{"start":{"line":1,"column":32},"end":{"line":1,"column":52}},"line":1},"1":{"name":"(anonymous_1)","decl":{"start":{"line":3,"column":18},"end":{"line":3,"column":19}},"loc":{"start":{"line":3,"column":28},"end":{"line":3,"column":44}},"line":3},"2":{"name":"(anonymous_2)","decl":{"start":{"line":5,"column":22},"end":{"line":5,"column":23}},"loc":{"start":{"line":5,"column":36},"end":{"line":5,"column":60}},"line":5}},"branchMap":{},"s":{"0":1,"1":1,"2":1,"3":1,"4":1,"5":0,"6":1},"f":{"0":1,"1":1,"2":0},"b":{},"_coverageSchema":"43e27e138ebf9cfc5966b082cf9a028302ed4184","hash":"e79e7bc425336c20ce20aff3392cc480c98fca7a"}
}
