{"/home/eportela/nodejs/glib/lib/utils/conversions.js": {"path":"/home/eportela/nodejs/glib/lib/utils/conversions.js","statementMap":{"0":{"start":{"line":1,"column":22},"end":{"line":1,"column":52}},"1":{"start":{"line":1,"column":32},"end":{"line":1,"column":52}},"2":{"start":{"line":3,"column":18},"end":{"line":3,"column":44}},"3":{"start":{"line":3,"column":28},"end":{"line":3,"column":44}},"4":{"start":{"line":5,"column":22},"end":{"line":5,"column":60}},"5":{"start":{"line":5,"column":36},"end":{"line":5,"column":60}},"6":{"start":{"line":7,"column":0},"end":{"line":11,"column":2}}},"fnMap":{"0":{"name":"(anonymous_0)","decl":{"start":{"line":1,"column":22},"end":{"line":1,"column":23}},"loc":{"start":{"line":1,"column":32},"end":{"line":1,"column":52}},"line":1},"1":{"name":"(anonymous_1)","decl":{"start":{"line":3,"column":18},"end":{"line":3,"column":19}},"loc":{"start":{"line":3,"column":28},"end":{"line":3,"column":44}},"line":3},"2":{"name":"(anonymous_2)","decl":{"start":{"line":5,"column":22},"end":{"line":5,"column":23}},"loc":{"start":{"line":5,"column":36},"end":{"line":5,"column":60}},"line":5}},"branchMap":{},"s":{"0":2,"1":2,"2":2,"3":2,"4":2,"5":1,"6":2},"f":{"0":2,"1":2,"2":1},"b":{},"_coverageSchema":"43e27e138ebf9cfc5966b082cf9a028302ed4184","hash":"e79e7bc425336c20ce20aff3392cc480c98fca7a"}
,"/home/eportela/nodejs/glib/lib/utils/requireDependency.js": {"path":"/home/eportela/nodejs/glib/lib/utils/requireDependency.js","statementMap":{"0":{"start":{"line":1,"column":26},"end":{"line":1,"column":80}},"1":{"start":{"line":1,"column":40},"end":{"line":1,"column":80}},"2":{"start":{"line":3,"column":0},"end":{"line":3,"column":35}}},"fnMap":{"0":{"name":"(anonymous_0)","decl":{"start":{"line":1,"column":26},"end":{"line":1,"column":27}},"loc":{"start":{"line":1,"column":40},"end":{"line":1,"column":80}},"line":1}},"branchMap":{},"s":{"0":1,"1":1,"2":1},"f":{"0":1},"b":{},"_coverageSchema":"43e27e138ebf9cfc5966b082cf9a028302ed4184","hash":"5796e7cf0117e82e33b12f6dbdecb61d2fbe6095"}
}
